<?xml version="1.0" encoding="utf-8"?><testsuites name="pytest tests"><testsuite name="pytest" errors="0" failures="0" skipped="0" tests="415" time="397.803" timestamp="2026-05-16T13:33:56.525562+07:00" hostname="LAPTOP-IJ1D7AS8"><testcase classname="tests.TS-ADM01-01-07.TestAdminUserManagement" name="test_TS_ADM01_01_get_users_with_valid_jwt" time="0.534" /><testcase classname="tests.TS-ADM01-01-07.TestAdminUserManagement" name="test_TS_ADM01_02a_get_users_without_token" time="0.006" /><testcase classname="tests.TS-ADM01-01-07.TestAdminUserManagement" name="test_TS_ADM01_02b_get_users_with_invalid_token" time="0.007" /><testcase classname="tests.TS-ADM01-01-07.TestAdminUserManagement" name="test_TS_ADM01_02c_get_users_non_admin_role" time="0.085" /><testcase classname="tests.TS-ADM01-01-07.TestAdminUserManagement" name="test_TS_ADM01_03a_create_user_teacher" time="0.878" /><testcase classname="tests.TS-ADM01-01-07.TestAdminUserManagement" name="test_TS_ADM01_03b_create_user_admin_role" time="0.687" /><testcase classname="tests.TS-ADM01-01-07.TestAdminUserManagement" name="test_TS_ADM01_03c_create_user_homeroom_role" time="0.699" /><testcase classname="tests.TS-ADM01-01-07.TestAdminUserManagement" name="test_TS_ADM01_04a_duplicate_username_existing_admin" time="0.576" /><testcase classname="tests.TS-ADM01-01-07.TestAdminUserManagement" name="test_TS_ADM01_04b_duplicate_username_existing_teacher" time="0.245" /><testcase classname="tests.TS-ADM01-01-07.TestAdminUserManagement" name="test_TS_ADM01_05_duplicate_email" time="0.224" /><testcase classname="tests.TS-ADM01-01-07.TestAdminUserManagement" name="test_TS_ADM01_07_deactivate_user" time="1.078" /><testcase classname="tests.TS-ADM01-01-07.TestAdminUserValidation" name="test_TS_ADM01_07_password_hashing_bcrypt" time="1.075" /><testcase classname="tests.TS-ADM01-01-07.TestAdminUserValidation" name="test_TS_ADM01_03_create_user_without_username" time="0.600" /><testcase classname="tests.TS-ADM02-01-11.TestCreateStudent" name="test_TS_ADM02_03_create_student_returns_201" time="1.000" /><testcase classname="tests.TS-ADM02-01-11.TestCreateStudent" name="test_TS_ADM02_04_duplicate_name_dob_returns_409" time="0.963" /><testcase classname="tests.TS-ADM02-01-11.TestCreateStudent" name="test_TS_ADM02_05_force_create_bypasses_duplicate" time="1.225" /><testcase classname="tests.TS-ADM02-01-11.TestValidation" name="test_TS_ADM02_06_gender_validation_invalid" time="0.013" /><testcase classname="tests.TS-ADM02-01-11.TestValidation" name="test_TS_ADM02_gender_validation_valid" time="2.500" /><testcase classname="tests.TS-ADM02-01-11.TestUpdateStudent" name="test_TS_ADM02_07_update_student_returns_200" time="1.107" /><testcase classname="tests.TS-ADM02-01-11.TestDeleteStudent" name="test_TS_ADM02_08_soft_delete_not_in_class_returns_200" time="0.821" /><testcase classname="tests.TS-ADM02-01-11.TestDeleteStudent" name="test_TS_ADM02_09_cannot_delete_in_class_returns_409" time="0.922" /><testcase classname="tests.TS-ADM02-01-11.TestRestoreStudent" name="test_TS_ADM02_10_restore_student" time="1.000" /><testcase classname="tests.TS-ADM02-01-11.TestDuplicateStudentID" name="test_TS_ADM02_11_duplicate_student_id" time="1.016" /><testcase classname="tests.TS-ADM02-01-11.TestParentContacts" name="test_TS_ADM02_parent_contacts_handling" time="0.844" /><testcase classname="tests.TS-ADM02EX-01-09.TestBulkStudentImport" name="test_TS_ADM02EX_T1_04_valid_upload_with_perfect_preview" time="3.334" /><testcase classname="tests.TS-ADM02EX-01-09.TestBulkStudentImport" name="test_TS_ADM02EX_T1_05_bulk_import_success_returns_201" time="3.004" /><testcase classname="tests.TS-ADM02EX-01-09.TestBulkStudentImport" name="test_TS_ADM02EX_T1_06a_missing_required_field_returns_error" time="0.087" /><testcase classname="tests.TS-ADM02EX-01-09.TestBulkStudentImport" name="test_TS_ADM02EX_T1_06b_invalid_gender_returns_error" time="0.264" /><testcase classname="tests.TS-ADM02EX-01-09.TestBulkStudentImport" name="test_TS_ADM02EX_T1_07_duplicate_detection_without_force_create" time="3.034" /><testcase classname="tests.TS-ADM02EX-01-09.TestBulkImportAuthentication" name="test_TS_ADM02EX_bulk_import_without_token_returns_401" time="0.006" /><testcase classname="tests.TS-ADM02EX-01-09.TestBulkImportAuthentication" name="test_TS_ADM02EX_bulk_import_with_invalid_token_returns_401" time="0.008" /><testcase classname="tests.TS-ADM02EX-01-09.TestBulkImportAuthentication" name="test_TS_ADM02EX_bulk_import_non_admin_returns_403" time="0.124" /><testcase classname="tests.TS-ADM02EX-01-09.TestBulkImportParentContacts" name="test_TS_ADM02EX_parent_contacts_saved_correctly" time="0.815" /><testcase classname="tests.TS-ADM02EX-01-09.TestBulkImportEdgeCases" name="test_TS_ADM02EX_empty_student_list_returns_error" time="0.083" /><testcase classname="tests.TS-ADM02EX-01-09.TestBulkImportEdgeCases" name="test_TS_ADM02EX_mixed_valid_invalid_students" time="1.386" /><testcase classname="tests.TS-ADM02EX-01-09.TestBulkImportFileValidation" name="test_TS_ADM02EX_T1_02_malformed_data_structure_rejected" time="0.086" /><testcase classname="tests.TS-ADM02EX-01-09.TestBulkImportFileValidation" name="test_TS_ADM02EX_T1_02_empty_required_field_rejected" time="0.083" /><testcase classname="tests.TS-ADM02EX-01-09.TestBulkImportFileValidation" name="test_TS_ADM02EX_T1_02_null_required_field_rejected" time="0.079" /><testcase classname="tests.TS-ADM02EX-01-09.TestBulkImportFileValidation" name="test_TS_ADM02EX_T1_03_large_batch_exceeding_limit_rejected" time="29.454" /><testcase classname="tests.TS-ADM02EX-01-09.TestBulkImportFileValidation" name="test_TS_ADM02EX_T1_03_maximum_allowed_batch_accepted" time="29.873" /><testcase classname="tests.TS-ADM03-01-07.TestGetClassStudents" name="test_TS_ADM03_01_get_class_students_success" time="0.667" /><testcase classname="tests.TS-ADM03-01-07.TestGetClassStudents" name="test_TS_ADM03_01_includes_active_and_inactive_students" time="0.533" /><testcase classname="tests.TS-ADM03-01-07.TestGetClassStudents" name="test_TS_ADM03_01_nonexistent_class_404" time="0.163" /><testcase classname="tests.TS-ADM03-01-07.TestGetClassStudents" name="test_TS_ADM03_01_no_auth_token_403" time="0.149" /><testcase classname="tests.TS-ADM03-01-07.TestMoveStudentsSameYear" name="test_TS_ADM03_04_same_year_transfer_success" time="1.452" /><testcase classname="tests.TS-ADM03-01-07.TestMoveStudentsSameYear" name="test_TS_ADM03_04_cannot_transfer_if_already_in_different_class_same_year" time="1.073" /><testcase classname="tests.TS-ADM03-01-07.TestPromoteStudentsNewYear" name="test_TS_ADM03_05_new_year_promotion_success" time="1.367" /><testcase classname="tests.TS-ADM03-01-07.TestMoveStudentsException" name="test_TS_ADM03_06_target_class_not_found_404" time="0.496" /><testcase classname="tests.TS-ADM03-01-07.TestMoveStudentsException" name="test_TS_ADM03_07_student_not_found_400" time="0.685" /><testcase classname="tests.TS-ADM03-01-07.TestMoveStudentsException" name="test_TS_ADM03_06_current_class_equals_target_400" time="0.368" /><testcase classname="tests.TS-ADM03-01-07.TestMoveStudentsException" name="test_TS_ADM03_no_auth_token_403" time="0.220" /><testcase classname="tests.TS-ADM04-01-07.TestAIRecognitionStatus" name="test_TS_ADM04_01_get_status_returns_200" time="0.130" /><testcase classname="tests.TS-ADM04-01-07.TestAIRecognitionStatus" name="test_TS_ADM04_01_status_includes_metrics" time="0.007" /><testcase classname="tests.TS-ADM04-01-07.TestAIRecognitionSettings" name="test_TS_ADM04_04_update_settings_valid_cooldown" time="0.085" /><testcase classname="tests.TS-ADM04-01-07.TestAIRecognitionSettings" name="test_TS_ADM04_04_cooldown_minimum_boundary" time="0.084" /><testcase classname="tests.TS-ADM04-01-07.TestAIRecognitionSettings" name="test_TS_ADM04_04_cooldown_maximum_boundary" time="0.084" /><testcase classname="tests.TS-ADM04-01-07.TestAIRecognitionSettings" name="test_TS_ADM04_04_cooldown_below_minimum_rejected" time="0.008" /><testcase classname="tests.TS-ADM04-01-07.TestAIRecognitionSettings" name="test_TS_ADM04_04_cooldown_above_maximum_rejected" time="0.008" /><testcase classname="tests.TS-ADM04-01-07.TestAIRecognitionSettings" name="test_TS_ADM04_05_settings_persist_after_update" time="0.084" /><testcase classname="tests.TS-ADM04-01-07.TestAIRecognitionControl" name="test_TS_ADM04_06_start_recognition" time="0.007" /><testcase classname="tests.TS-ADM04-01-07.TestAIRecognitionControl" name="test_TS_ADM04_06_stop_recognition" time="0.011" /><testcase classname="tests.TS-ADM04-01-07.TestAIRecognitionControl" name="test_TS_ADM04_06_toggle_recognition_state" time="0.014" /><testcase classname="tests.TS-ADM04-01-07.TestAIRecognitionSecurity" name="test_TS_ADM04_07_admin_can_access_status" time="0.006" /><testcase classname="tests.TS-ADM04-01-07.TestAIRecognitionSecurity" name="test_TS_ADM04_07_teacher_cannot_access_status" time="0.005" /><testcase classname="tests.TS-ADM04-01-07.TestAIRecognitionSecurity" name="test_TS_ADM04_07_parent_cannot_access_status" time="0.008" /><testcase classname="tests.TS-ADM04-01-07.TestAIRecognitionSecurity" name="test_TS_ADM04_07_unauthenticated_cannot_access_status" time="0.006" /><testcase classname="tests.TS-ADM04-01-07.TestAIRecognitionSecurity" name="test_TS_ADM04_07_admin_can_update_settings" time="0.117" /><testcase classname="tests.TS-ADM04-01-07.TestAIRecognitionSecurity" name="test_TS_ADM04_07_teacher_cannot_update_settings" time="0.081" /><testcase classname="tests.TS-ADM04-01-07.TestAIRecognitionSecurity" name="test_TS_ADM04_07_admin_can_control_recognition" time="0.006" /><testcase classname="tests.TS-ADM04-01-07.TestAIRecognitionSecurity" name="test_TS_ADM04_07_teacher_cannot_control_recognition" time="0.006" /><testcase classname="tests.TS-ADM04-01-07.TestAIRecognitionIntegration" name="test_TS_ADM04_02_connection_error_handling" time="0.006" /><testcase classname="tests.TS-ADM04-01-07.TestAIRecognitionIntegration" name="test_TS_ADM04_03_settings_validation_type_check" time="0.007" /><testcase classname="tests.TS-ADM04-01-07.TestAIRecognitionIntegration" name="test_TS_ADM04_03_settings_empty_payload" time="0.126" /><testcase classname="tests.TS-ADM04-01-07.TestAIRecognitionIntegration" name="test_TS_ADM04_01_status_endpoint_available" time="0.006" /><testcase classname="tests.TS-ADM05-01-07.TestDashboardBootstrap" name="test_TS_ADM05_01_bootstrap_returns_200" time="3.136" /><testcase classname="tests.TS-ADM05-01-07.TestDashboardBootstrap" name="test_TS_ADM05_01_bootstrap_has_required_keys" time="2.253" /><testcase classname="tests.TS-ADM05-01-07.TestDashboardBootstrap" name="test_TS_ADM05_01_overview_fields_present" time="2.299" /><testcase classname="tests.TS-ADM05-01-07.TestDashboardOverview" name="test_TS_ADM05_01_overview_200" time="0.499" /><testcase classname="tests.TS-ADM05-01-07.TestDashboardOverview" name="test_TS_ADM05_01_overview_response_shape" time="0.441" /><testcase classname="tests.TS-ADM05-01-07.TestDashboardFiltering" name="test_TS_ADM05_02_different_years_accepted" time="0.891" /><testcase classname="tests.TS-ADM05-01-07.TestDashboardFiltering" name="test_TS_ADM05_02_academic_years_list" time="0.195" /><testcase classname="tests.TS-ADM05-01-07.TestScoreDistributionLogic" name="test_TS_ADM05_03_class_performance_returns_200" time="0.176" /><testcase classname="tests.TS-ADM05-01-07.TestScoreDistributionLogic" name="test_TS_ADM05_03_performance_items_have_bucket_fields" time="0.152" /><testcase classname="tests.TS-ADM05-01-07.TestDashboardEmptyData" name="test_TS_ADM05_04_future_year_overview_no_crash" time="0.449" /><testcase classname="tests.TS-ADM05-01-07.TestDashboardEmptyData" name="test_TS_ADM05_04_future_year_class_performance_empty_list" time="0.154" /><testcase classname="tests.TS-ADM05-01-07.TestDashboardEmptyData" name="test_TS_ADM05_04_future_year_attendance_trends_empty" time="0.149" /><testcase classname="tests.TS-ADM05-01-07.TestDashboardErrorHandling" name="test_TS_ADM05_06_missing_academic_year_returns_422" time="0.087" /><testcase classname="tests.TS-ADM05-01-07.TestDashboardErrorHandling" name="test_TS_ADM05_06_attendance_trends_missing_param_422" time="0.076" /><testcase classname="tests.TS-ADM05-01-07.TestDashboardErrorHandling" name="test_TS_ADM05_06_bootstrap_missing_param_422" time="0.080" /><testcase classname="tests.TS-ADM05-01-07.TestDashboardSecurity" name="test_TS_ADM05_07_unauthenticated_denied" time="0.007" /><testcase classname="tests.TS-ADM05-01-07.TestDashboardSecurity" name="test_TS_ADM05_07_teacher_token_denied" time="0.085" /><testcase classname="tests.TS-ADM05-01-07.TestDashboardSecurity" name="test_TS_ADM05_07_teacher_cannot_access_bootstrap" time="0.080" /><testcase classname="tests.TS-ADM05-01-07.TestDashboardSecurity" name="test_TS_ADM05_07_teacher_cannot_access_class_performance" time="0.080" /><testcase classname="tests.TS-ADM05-01-07.TestDashboardSecurity" name="test_TS_ADM05_07_admin_can_access_academic_years" time="0.150" /><testcase classname="tests.TS-ADM06-01-08.TestGetSubjects" name="test_TS_ADM06_01_get_subjects_returns_200" time="0.282" /><testcase classname="tests.TS-ADM06-01-08.TestGetSubjects" name="test_TS_ADM06_01_get_subjects_returns_list" time="0.169" /><testcase classname="tests.TS-ADM06-01-08.TestGetSubjects" name="test_TS_ADM06_01_get_subjects_with_show_deleted_param" time="0.162" /><testcase classname="tests.TS-ADM06-01-08.TestGetSubjects" name="test_TS_ADM06_01_get_subjects_subject_has_id" time="0.159" /><testcase classname="tests.TS-ADM06-01-08.TestCreateSubject" name="test_TS_ADM06_02_create_subject_returns_201" time="0.600" /><testcase classname="tests.TS-ADM06-01-08.TestCreateSubject" name="test_TS_ADM06_02_create_subject_with_description" time="0.523" /><testcase classname="tests.TS-ADM06-01-08.TestCreateSubject" name="test_TS_ADM06_02_create_subject_mandatory_field" time="0.524" /><testcase classname="tests.TS-ADM06-01-08.TestCreateSubject" name="test_TS_ADM06_02_create_subject_returns_created_data" time="0.519" /><testcase classname="tests.TS-ADM06-01-08.TestDuplicateSubjectCode" name="test_TS_ADM06_03_duplicate_code_rejected" time="0.653" /><testcase classname="tests.TS-ADM06-01-08.TestDuplicateSubjectCode" name="test_TS_ADM06_03_missing_required_fields" time="0.100" /><testcase classname="tests.TS-ADM06-01-08.TestDuplicateSubjectCode" name="test_TS_ADM06_03_missing_subject_name" time="0.082" /><testcase classname="tests.TS-ADM06-01-08.TestUpdateSubject" name="test_TS_ADM06_04_update_subject_returns_200" time="0.724" /><testcase classname="tests.TS-ADM06-01-08.TestUpdateSubject" name="test_TS_ADM06_04_update_nonexistent_returns_404" time="0.153" /><testcase classname="tests.TS-ADM06-01-08.TestUpdateSubject" name="test_TS_ADM06_04_update_multiple_fields" time="0.736" /><testcase classname="tests.TS-ADM06-01-08.TestDeleteSubject" name="test_TS_ADM06_05_delete_subject_returns_200" time="0.386" /><testcase classname="tests.TS-ADM06-01-08.TestDeleteSubject" name="test_TS_ADM06_05_delete_nonexistent_returns_404" time="0.144" /><testcase classname="tests.TS-ADM06-01-08.TestDeleteSubject" name="test_TS_ADM06_05_delete_is_soft_delete" time="0.597" /><testcase classname="tests.TS-ADM06-01-08.TestDeleteWithConstraints" name="test_TS_ADM06_06_delete_with_constraints_handled" time="0.226" /><testcase classname="tests.TS-ADM06-01-08.TestDeleteWithConstraints" name="test_TS_ADM06_06_error_message_clear" time="0.166" /><testcase classname="tests.TS-ADM06-01-08.TestSubjectSecurity" name="test_TS_ADM06_07_teacher_cannot_get_subjects" time="0.078" /><testcase classname="tests.TS-ADM06-01-08.TestSubjectSecurity" name="test_TS_ADM06_07_teacher_cannot_create_subject" time="0.080" /><testcase classname="tests.TS-ADM06-01-08.TestSubjectSecurity" name="test_TS_ADM06_07_unauthenticated_cannot_access" time="0.006" /><testcase classname="tests.TS-ADM06-01-08.TestErrorHandling" name="test_TS_ADM06_08_invalid_json_returns_error" time="0.007" /><testcase classname="tests.TS-ADM06-01-08.TestErrorHandling" name="test_TS_ADM06_08_handles_server_errors_gracefully" time="0.008" /><testcase classname="tests.TS-ADM06-01-08.TestErrorHandling" name="test_TS_ADM06_08_type_validation_on_fields" time="0.288" /><testcase classname="tests.TS-ADM06-01-08.TestSubjectIntegration" name="test_TS_ADM06_full_crud_workflow" time="1.118" /><testcase classname="tests.TS-ADM06-01-08.TestSubjectIntegration" name="test_TS_ADM06_get_subjects_is_consistent" time="0.313" /><testcase classname="tests.TS-ADM06EX-T01-T07.TestGetScoreConfig" name="test_TS_ADM06EX_T01_get_config_returns_200" time="0.263" /><testcase classname="tests.TS-ADM06EX-T01-T07.TestGetScoreConfig" name="test_TS_ADM06EX_T01_config_contains_columns" time="0.007" /><testcase classname="tests.TS-ADM06EX-T01-T07.TestGetScoreConfig" name="test_TS_ADM06EX_T01_config_for_nonexistent_subject" time="0.006" /><testcase classname="tests.TS-ADM06EX-T01-T07.TestGetScoreConfig" name="test_TS_ADM06EX_T01_config_has_required_fields" time="0.008" /><testcase classname="tests.TS-ADM06EX-T01-T07.TestAddScoreConfig" name="test_TS_ADM06EX_T02_add_config_returns_200" time="0.077" /><testcase classname="tests.TS-ADM06EX-T01-T07.TestAddScoreConfig" name="test_TS_ADM06EX_T02_add_config_with_valid_weight" time="0.078" /><testcase classname="tests.TS-ADM06EX-T01-T07.TestAddScoreConfig" name="test_TS_ADM06EX_T02_add_multiple_columns" time="0.150" /><testcase classname="tests.TS-ADM06EX-T01-T07.TestBusinessLogicValidation" name="test_TS_ADM06EX_T03_must_have_final_exam_column" time="0.074" /><testcase classname="tests.TS-ADM06EX-T01-T07.TestBusinessLogicValidation" name="test_TS_ADM06EX_T03_reject_without_final_exam" time="0.085" /><testcase classname="tests.TS-ADM06EX-T01-T07.TestBusinessLogicValidation" name="test_TS_ADM06EX_T03_valid_with_final_exam" time="0.079" /><testcase classname="tests.TS-ADM06EX-T01-T07.TestWeightValidation" name="test_TS_ADM06EX_T04_invalid_weight_negative" time="0.082" /><testcase classname="tests.TS-ADM06EX-T01-T07.TestWeightValidation" name="test_TS_ADM06EX_T04_invalid_weight_zero" time="0.077" /><testcase classname="tests.TS-ADM06EX-T01-T07.TestWeightValidation" name="test_TS_ADM06EX_T04_invalid_weight_string" time="0.075" /><testcase classname="tests.TS-ADM06EX-T01-T07.TestWeightValidation" name="test_TS_ADM06EX_T04_valid_weight_boundary" time="0.083" /><testcase classname="tests.TS-ADM06EX-T01-T07.TestDeleteScoreConfig" name="test_TS_ADM06EX_T06_cannot_delete_with_existing_grades" time="0.076" /><testcase classname="tests.TS-ADM06EX-T01-T07.TestDeleteScoreConfig" name="test_TS_ADM06EX_T06_delete_empty_column_success" time="0.230" /><testcase classname="tests.TS-ADM06EX-T01-T07.TestDeleteScoreConfig" name="test_TS_ADM06EX_T06_error_message_clear" time="0.124" /><testcase classname="tests.TS-ADM06EX-T01-T07.TestBatchOperations" name="test_TS_ADM06EX_T07_batch_save_config" time="0.076" /><testcase classname="tests.TS-ADM06EX-T01-T07.TestBatchOperations" name="test_TS_ADM06EX_T07_batch_rollback_on_error" time="0.077" /><testcase classname="tests.TS-ADM06EX-T01-T07.TestBatchOperations" name="test_TS_ADM06EX_T07_db_error_recovery" time="0.075" /><testcase classname="tests.TS-ADM06EX-T01-T07.TestScoreConfigSecurity" name="test_teacher_cannot_modify_score_config" time="0.082" /><testcase classname="tests.TS-ADM06EX-T01-T07.TestScoreConfigSecurity" name="test_teacher_cannot_get_score_config" time="0.114" /><testcase classname="tests.TS-ADM06EX-T01-T07.TestScoreConfigSecurity" name="test_unauthenticated_cannot_access_config" time="0.006" /><testcase classname="tests.TS-ADM06EX-T01-T07.TestScoreConfigIntegration" name="test_full_score_config_workflow" time="0.085" /><testcase classname="tests.TS-ADM06EX-T01-T07.TestScoreConfigIntegration" name="test_config_consistency_across_requests" time="0.318" /><testcase classname="tests.TS-ADM07-01-08.TestGetClasses" name="test_TS_ADM07_01_get_classes_returns_200" time="0.268" /><testcase classname="tests.TS-ADM07-01-08.TestGetClasses" name="test_TS_ADM07_01_get_classes_returns_list" time="0.154" /><testcase classname="tests.TS-ADM07-01-08.TestGetClasses" name="test_TS_ADM07_01_filter_by_academic_year" time="0.164" /><testcase classname="tests.TS-ADM07-01-08.TestGetClasses" name="test_TS_ADM07_01_get_classes_with_show_deleted_param" time="0.153" /><testcase classname="tests.TS-ADM07-01-08.TestCreateClass" name="test_TS_ADM07_02_create_class_returns_201" time="0.596" /><testcase classname="tests.TS-ADM07-01-08.TestCreateClass" name="test_TS_ADM07_02_create_class_with_optional_fields" time="0.381" /><testcase classname="tests.TS-ADM07-01-08.TestCreateClass" name="test_TS_ADM07_02_create_class_mandatory_fields" time="0.088" /><testcase classname="tests.TS-ADM07-01-08.TestCreateClass" name="test_TS_ADM07_02_create_class_returns_created_data" time="0.624" /><testcase classname="tests.TS-ADM07-01-08.TestDuplicateClassCode" name="test_TS_ADM07_03_duplicate_name_in_same_year_rejected" time="0.804" /><testcase classname="tests.TS-ADM07-01-08.TestDuplicateClassCode" name="test_TS_ADM07_03_same_name_different_year_allowed" time="1.173" /><testcase classname="tests.TS-ADM07-01-08.TestUpdateClass" name="test_TS_ADM07_04_update_class_returns_200" time="0.165" /><testcase classname="tests.TS-ADM07-01-08.TestUpdateClass" name="test_TS_ADM07_04_update_nonexistent_returns_404" time="0.179" /><testcase classname="tests.TS-ADM07-01-08.TestUpdateClass" name="test_TS_ADM07_04_update_multiple_fields" time="0.213" /><testcase classname="tests.TS-ADM07-01-08.TestHomeroomTeacherConstraint" name="test_TS_ADM07_05_teacher_cannot_be_homeroom_of_two_classes" time="0.239" /><testcase classname="tests.TS-ADM07-01-08.TestHomeroomTeacherConstraint" name="test_TS_ADM07_05_same_teacher_different_year_allowed" time="0.238" /><testcase classname="tests.TS-ADM07-01-08.TestDeleteClass" name="test_TS_ADM07_06_delete_class_returns_200" time="0.151" /><testcase classname="tests.TS-ADM07-01-08.TestDeleteClass" name="test_TS_ADM07_06_delete_nonexistent_returns_404" time="0.156" /><testcase classname="tests.TS-ADM07-01-08.TestDeleteClass" name="test_TS_ADM07_06_delete_is_soft_delete" time="0.172" /><testcase classname="tests.TS-ADM07-01-08.TestClassSecurity" name="test_TS_ADM07_07_teacher_cannot_get_classes" time="0.080" /><testcase classname="tests.TS-ADM07-01-08.TestClassSecurity" name="test_TS_ADM07_07_teacher_cannot_create_class" time="0.082" /><testcase classname="tests.TS-ADM07-01-08.TestClassSecurity" name="test_TS_ADM07_07_unauthenticated_cannot_access" time="0.006" /><testcase classname="tests.TS-ADM07-01-08.TestClassIntegration" name="test_TS_ADM07_full_crud_workflow" time="1.212" /><testcase classname="tests.TS-ADM07-01-08.TestClassIntegration" name="test_TS_ADM07_get_classes_is_consistent" time="0.312" /><testcase classname="tests.TS-ADM08-01-09.TestGetClassSubjectAssignments" name="test_TS_ADM08_01_get_assignments_returns_200" time="0.282" /><testcase classname="tests.TS-ADM08-01-09.TestGetClassSubjectAssignments" name="test_TS_ADM08_01_assignment_list_contains_required_fields" time="0.154" /><testcase classname="tests.TS-ADM08-01-09.TestGetClassSubjectAssignments" name="test_TS_ADM08_01_get_with_show_deleted_param" time="0.359" /><testcase classname="tests.TS-ADM08-01-09.TestCreateClassSubjectAssignment" name="test_TS_ADM08_02_create_assignment_returns_201" time="0.155" /><testcase classname="tests.TS-ADM08-01-09.TestCreateClassSubjectAssignment" name="test_TS_ADM08_02_assignment_contains_created_data" time="0.158" /><testcase classname="tests.TS-ADM08-01-09.TestCreateClassSubjectAssignment" name="test_TS_ADM08_02_can_assign_null_teacher_initially" time="0.153" /><testcase classname="tests.TS-ADM08-01-09.TestDuplicateAssignmentPrevention" name="test_TS_ADM08_03_duplicate_assignment_rejected" time="0.163" /><testcase classname="tests.TS-ADM08-01-09.TestMaxTeachersPerClass" name="test_TS_ADM08_04_cannot_exceed_max_teachers" time="0.148" /><testcase classname="tests.TS-ADM08-01-09.TestScoreEntryPermissionAfterAssignment" name="test_TS_ADM08_05_teacher_can_enter_scores_after_assignment" time="0.232" /><testcase classname="tests.TS-ADM08-01-09.TestBlockUnassignedTeacher" name="test_TS_ADM08_06_unassigned_teacher_cannot_enter_scores" time="0.006" /><testcase classname="tests.TS-ADM08-01-09.TestDeleteClassSubjectAssignment" name="test_TS_ADM08_07_soft_delete_assignment_returns_200" time="0.160" /><testcase classname="tests.TS-ADM08-01-09.TestDeleteClassSubjectAssignment" name="test_TS_ADM08_07_deleted_assignment_not_in_active_list" time="0.153" /><testcase classname="tests.TS-ADM08-01-09.TestErrorHandlingAssignments" name="test_TS_ADM08_09_nonexistent_class_returns_error" time="0.080" /><testcase classname="tests.TS-ADM08-01-09.TestErrorHandlingAssignments" name="test_TS_ADM08_09_nonexistent_subject_returns_error" time="0.082" /><testcase classname="tests.TS-ADM08-01-09.TestErrorHandlingAssignments" name="test_TS_ADM08_09_nonexistent_teacher_returns_error" time="0.084" /><testcase classname="tests.TS-ADM08-01-09.TestErrorHandlingAssignments" name="test_TS_ADM08_09_missing_required_fields_returns_422" time="0.095" /><testcase classname="tests.TS-ADM08-01-09.TestSecurityAssignments" name="test_TS_ADM08_teacher_cannot_get_assignments" time="0.079" /><testcase classname="tests.TS-ADM08-01-09.TestSecurityAssignments" name="test_TS_ADM08_unauthenticated_cannot_create_assignment" time="0.005" /><testcase classname="tests.TS-ADM08-01-09.TestBulkAssignments" name="test_TS_ADM08_bulk_create_multiple_classes" time="0.227" /><testcase classname="tests.TS-ADM09-01-09.TestGetTeachers" name="test_TS_ADM09_01_get_teachers_returns_200" time="0.306" /><testcase classname="tests.TS-ADM09-01-09.TestGetTeachers" name="test_TS_ADM09_01_get_teachers_returns_list" time="0.158" /><testcase classname="tests.TS-ADM09-01-09.TestGetTeachers" name="test_TS_ADM09_01_teacher_list_has_required_fields" time="0.156" /><testcase classname="tests.TS-ADM09-01-09.TestCreateTeacher" name="test_TS_ADM09_02_create_teacher_returns_201" time="0.874" /><testcase classname="tests.TS-ADM09-01-09.TestCreateTeacher" name="test_TS_ADM09_02_teacher_contains_created_data" time="0.826" /><testcase classname="tests.TS-ADM09-01-09.TestCreateTeacher" name="test_TS_ADM09_02_can_create_teacher_without_user_link" time="0.241" /><testcase classname="tests.TS-ADM09-01-09.TestTeacherUserConstraint" name="test_TS_ADM09_03_user_already_linked_returns_error" time="1.108" /><testcase classname="tests.TS-ADM09-01-09.TestUpdateTeacher" name="test_TS_ADM09_04_update_teacher_returns_200" time="1.176" /><testcase classname="tests.TS-ADM09-01-09.TestUpdateTeacher" name="test_TS_ADM09_04_update_multiple_fields" time="1.176" /><testcase classname="tests.TS-ADM09-01-09.TestUpdateTeacher" name="test_TS_ADM09_04_update_nonexistent_returns_404" time="0.152" /><testcase classname="tests.TS-ADM09-01-09.TestDeleteTeacher" name="test_TS_ADM09_05_soft_delete_teacher_returns_200" time="1.122" /><testcase classname="tests.TS-ADM09-01-09.TestDeleteTeacher" name="test_TS_ADM09_05_deleted_teacher_not_in_active_list" time="1.284" /><testcase classname="tests.TS-ADM09-01-09.TestTeacherDataIntegrity" name="test_TS_ADM09_06_prevent_delete_with_active_assignments" time="1.132" /><testcase classname="tests.TS-ADM09-01-09.TestTeacherSecurity" name="test_TS_ADM09_07_teacher_cannot_get_teachers" time="0.077" /><testcase classname="tests.TS-ADM09-01-09.TestTeacherSecurity" name="test_TS_ADM09_07_unauthenticated_cannot_access" time="0.006" /><testcase classname="tests.TS-ADM09-01-09.TestTeacherSecurity" name="test_TS_ADM09_07_teacher_cannot_create_teacher" time="0.082" /><testcase classname="tests.TS-ADM09-01-09.TestTeacherValidation" name="test_TS_ADM09_09_missing_full_name_returns_error" time="0.080" /><testcase classname="tests.TS-ADM09-01-09.TestTeacherValidation" name="test_TS_ADM09_09_teacher_code_validation" time="0.225" /><testcase classname="tests.TS-ADM09-01-09.TestTeacherValidation" name="test_TS_ADM09_09_email_validation" time="0.083" /><testcase classname="tests.TS-ADM09-01-09.TestTeacherIntegration" name="test_TS_ADM09_full_teacher_workflow" time="1.430" /><testcase classname="tests.TS-ADM10-01-09.TestGetSystemSettings" name="test_TS_ADM10_01_get_settings_returns_200" time="0.276" /><testcase classname="tests.TS-ADM10-01-09.TestGetSystemSettings" name="test_TS_ADM10_01_settings_returns_list" time="0.155" /><testcase classname="tests.TS-ADM10-01-09.TestGetSystemSettings" name="test_TS_ADM10_01_settings_has_required_fields" time="0.171" /><testcase classname="tests.TS-ADM10-01-09.TestUpdateSystemSettings" name="test_TS_ADM10_02_update_academic_year_returns_200" time="0.358" /><testcase classname="tests.TS-ADM10-01-09.TestUpdateSystemSettings" name="test_TS_ADM10_02_update_semester_returns_200" time="0.400" /><testcase classname="tests.TS-ADM10-01-09.TestUpdateSystemSettings" name="test_TS_ADM10_02_update_attendance_cutoff_returns_200" time="0.401" /><testcase classname="tests.TS-ADM10-01-09.TestSettingsValidation" name="test_TS_ADM10_03_semester_must_be_valid_value" time="0.367" /><testcase classname="tests.TS-ADM10-01-09.TestSettingsValidation" name="test_TS_ADM10_03_academic_year_format_validation" time="0.370" /><testcase classname="tests.TS-ADM10-01-09.TestSettingsValidation" name="test_TS_ADM10_03_time_format_validation" time="0.366" /><testcase classname="tests.TS-ADM10-01-09.TestDayoffManagement" name="test_TS_ADM10_04_add_dayoff_returns_201" time="0.391" /><testcase classname="tests.TS-ADM10-01-09.TestDayoffManagement" name="test_TS_ADM10_04_dayoff_contains_created_data" time="0.359" /><testcase classname="tests.TS-ADM10-01-09.TestDayoffRetrieval" name="test_TS_ADM10_05_get_dayoff_config_returns_200" time="0.148" /><testcase classname="tests.TS-ADM10-01-09.TestDayoffRetrieval" name="test_TS_ADM10_05_dayoff_config_has_required_fields" time="0.151" /><testcase classname="tests.TS-ADM10-01-09.TestBulkDayoffOperations" name="test_TS_ADM10_06_add_multiple_grades_dayoff" time="0.370" /><testcase classname="tests.TS-ADM10-01-09.TestBulkDayoffOperations" name="test_TS_ADM10_06_update_existing_dayoff" time="0.610" /><testcase classname="tests.TS-ADM10-01-09.TestSettingsSecurity" name="test_TS_ADM10_07_teacher_cannot_update_settings" time="0.085" /><testcase classname="tests.TS-ADM10-01-09.TestSettingsSecurity" name="test_TS_ADM10_07_unauthenticated_cannot_update_settings" time="0.008" /><testcase classname="tests.TS-ADM10-01-09.TestSettingsSecurity" name="test_TS_ADM10_07_teacher_cannot_add_dayoffs" time="0.081" /><testcase classname="tests.TS-ADM10-01-09.TestSettingFormatValidation" name="test_TS_ADM10_09_date_format_validation_yyyy_mm_dd" time="0.222" /><testcase classname="tests.TS-ADM10-01-09.TestSettingFormatValidation" name="test_TS_ADM10_09_dayoff_day_range_validation" time="0.228" /><testcase classname="tests.TS-ADM10-01-09.TestSettingFormatValidation" name="test_TS_ADM10_09_grade_range_validation" time="0.218" /><testcase classname="tests.TS-ADM10-01-09.TestSettingsIntegration" name="test_TS_ADM10_full_settings_workflow" time="0.610" /><testcase classname="tests.TS-ADM10-01-09.TestSettingsIntegration" name="test_TS_ADM10_dayoff_workflow" time="0.555" /><testcase classname="tests.TS-GEN01-01-07.TestLoginHappyPath" name="test_login_with_correct_credentials" time="0.553" /><testcase classname="tests.TS-GEN01-01-07.TestLoginSecurity" name="test_login_with_wrong_password" time="0.399" /><testcase classname="tests.TS-GEN01-01-07.TestAccountStatus" name="test_login_with_disabled_account" time="0.319" /><testcase classname="tests.TS-GEN01-01-07.TestRoleBasedAccess" name="test_different_roles_access_different_endpoints" time="0.403" /><testcase classname="tests.TS-GEN01-01-07.TestInputValidation" name="test_login_missing_username" time="0.006" /><testcase classname="tests.TS-GEN01-01-07.TestInputValidation" name="test_login_missing_password" time="0.007" /><testcase classname="tests.TS-GEN01-01-07.TestInputValidation" name="test_login_empty_credentials" time="0.077" /><testcase classname="tests.TS-GEN01-01-07.TestErrorHandling" name="test_login_returns_descriptive_errors" time="0.079" /><testcase classname="tests.TS-GEN01-01-07.TestLoginConcurrencySmoke" name="test_50_concurrent_login_requests" time="3.212" /><testcase classname="tests.TS-GEN01-01-07.TestTokenManagement" name="test_token_returned_in_response" time="0.484" /><testcase classname="tests.TS-GEN01-01-07.TestTokenManagement" name="test_invalid_token_rejected" time="0.007" /><testcase classname="tests.TS-GEN01-01-07.TestLogout" name="test_logout_invalidates_session" time="0.103" /><testcase classname="tests.TS-GEN01-01-07.TestMultipleUsers" name="test_multiple_users_different_tokens" time="0.801" /><testcase classname="tests.TS-GEN01-01-07.TestPasswordSecurity" name="test_passwords_never_returned" time="0.086" /><testcase classname="tests.TS-GEN03-01-05.TestForgotPasswordHappyPath" name="test_TS_GEN03_01_send_otp_returns_200" time="5.119" /><testcase classname="tests.TS-GEN03-01-05.TestForgotPasswordHappyPath" name="test_TS_GEN03_01_otp_response_contains_username" time="5.533" /><testcase classname="tests.TS-GEN03-01-05.TestForgotPasswordHappyPath" name="test_TS_GEN03_01_otp_saved_and_not_exposed" time="5.202" /><testcase classname="tests.TS-GEN03-01-05.TestForgotPasswordInvalidUsername" name="test_TS_GEN03_02_nonexistent_username_returns_404" time="0.075" /><testcase classname="tests.TS-GEN03-01-05.TestForgotPasswordInvalidUsername" name="test_TS_GEN03_02_no_email_sent_for_invalid_username" time="0.075" /><testcase classname="tests.TS-GEN03-01-05.TestForgotPasswordEmailMismatch" name="test_TS_GEN03_03_wrong_email_returns_400" time="0.067" /><testcase classname="tests.TS-GEN03-01-05.TestForgotPasswordEmailMismatch" name="test_TS_GEN03_03_no_email_sent_for_wrong_email" time="0.071" /><testcase classname="tests.TS-GEN03-01-05.TestOTPFormatValidation" name="test_TS_GEN03_04_verify_otp_requires_6_digits" time="0.008" /><testcase classname="tests.TS-GEN03-01-05.TestOTPFormatValidation" name="test_TS_GEN03_04_verify_otp_rejects_non_numeric" time="0.016" /><testcase classname="tests.TS-GEN03-01-05.TestOTPFormatValidation" name="test_TS_GEN03_04_verify_otp_missing_username" time="0.007" /><testcase classname="tests.TS-GEN03-01-05.TestOTPExceptionHandling" name="test_TS_GEN03_05_smtp_error_returns_500" time="0.069" /><testcase classname="tests.TS-GEN03-01-05.TestOTPExceptionHandling" name="test_TS_GEN03_05_verify_otp_not_found_returns_404" time="0.006" /><testcase classname="tests.TS-GEN03-01-05.TestOTPExceptionHandling" name="test_TS_GEN03_05_max_attempts_exceeded_returns_429" time="5.116" /><testcase classname="tests.TS-GEN03-01-05.TestOTPVerification" name="test_otp_verification_with_correct_code" time="5.098" /><testcase classname="tests.TS-GEN03-01-05.TestOTPVerification" name="test_otp_increases_attempt_count" time="0.289" /><testcase classname="tests.TS-GEN03-01-05.TestOTPIntegration" name="test_forgot_password_workflow_step1" time="5.565" /><testcase classname="tests.TS-GEN03-01-05.TestOTPIntegration" name="test_invalid_credentials_flow" time="0.294" /><testcase classname="tests.TS-GEN04-01-05.TestUpdateProfileHappyPath" name="test_TS_GEN04_01_update_phone_returns_200" time="0.340" /><testcase classname="tests.TS-GEN04-01-05.TestUpdateProfileHappyPath" name="test_TS_GEN04_01_response_contains_updated_data" time="0.222" /><testcase classname="tests.TS-GEN04-01-05.TestUpdateProfileHappyPath" name="test_TS_GEN04_01_unauthenticated_returns_401" time="0.008" /><testcase classname="tests.TS-GEN04-01-05.TestUpdateProfileHappyPath" name="test_TS_GEN04_01_empty_body_returns_400" time="0.146" /><testcase classname="tests.TS-GEN04-01-05.TestChangePasswordHappyPath" name="test_TS_GEN04_02_change_password_returns_200" time="0.837" /><testcase classname="tests.TS-GEN04-01-05.TestChangePasswordHappyPath" name="test_TS_GEN04_02_response_message_present" time="0.873" /><testcase classname="tests.TS-GEN04-01-05.TestChangePasswordHappyPath" name="test_TS_GEN04_02_unauthenticated_returns_401" time="0.006" /><testcase classname="tests.TS-GEN04-01-05.TestChangePasswordWrongCurrent" name="test_TS_GEN04_03_wrong_current_password_returns_400" time="0.462" /><testcase classname="tests.TS-GEN04-01-05.TestChangePasswordWrongCurrent" name="test_TS_GEN04_03_error_message_mentions_password" time="0.452" /><testcase classname="tests.TS-GEN04-01-05.TestChangePasswordWrongCurrent" name="test_TS_GEN04_03_missing_current_password_returns_422" time="0.070" /><testcase classname="tests.TS-HOM01-01-04-06-07-08.TestDashboardBootstrapHappyPath" name="test_TS_HOM01_01_bootstrap_returns_200" time="0.465" /><testcase classname="tests.TS-HOM01-01-04-06-07-08.TestDashboardBootstrapHappyPath" name="test_TS_HOM01_01_bootstrap_response_structure" time="0.344" /><testcase classname="tests.TS-HOM01-01-04-06-07-08.TestDashboardBootstrapHappyPath" name="test_TS_HOM01_01_classes_auto_selects_first" time="0.352" /><testcase classname="tests.TS-HOM01-01-04-06-07-08.TestDashboardBootstrapHappyPath" name="test_TS_HOM01_01_students_have_attendance_counts" time="0.347" /><testcase classname="tests.TS-HOM01-01-04-06-07-08.TestDashboardBootstrapHappyPath" name="test_TS_HOM01_01_top_absent_sorted_descending" time="0.340" /><testcase classname="tests.TS-HOM01-01-04-06-07-08.TestDashboardBootstrapHappyPath" name="test_TS_HOM01_01_top_late_sorted_descending" time="0.342" /><testcase classname="tests.TS-HOM01-01-04-06-07-08.TestDashboardSecurityIsolation" name="test_TS_HOM01_02_teacher_sees_only_own_classes" time="0.344" /><testcase classname="tests.TS-HOM01-01-04-06-07-08.TestDashboardSecurityIsolation" name="test_TS_HOM01_02_unauthenticated_returns_401" time="0.006" /><testcase classname="tests.TS-HOM01-01-04-06-07-08.TestDashboardSecurityIsolation" name="test_TS_HOM01_02_non_teacher_returns_403" time="0.166" /><testcase classname="tests.TS-HOM01-01-04-06-07-08.TestAttendanceStatisticsLogic" name="test_TS_HOM01_03_attendance_counts_aggregated" time="0.331" /><testcase classname="tests.TS-HOM01-01-04-06-07-08.TestAttendanceStatisticsLogic" name="test_TS_HOM01_03_response_includes_year_month" time="0.343" /><testcase classname="tests.TS-HOM01-01-04-06-07-08.TestDashboardTimeFilteringLogic" name="test_TS_HOM01_04_filter_by_year" time="0.335" /><testcase classname="tests.TS-HOM01-01-04-06-07-08.TestDashboardTimeFilteringLogic" name="test_TS_HOM01_04_filter_by_month" time="0.356" /><testcase classname="tests.TS-HOM01-01-04-06-07-08.TestDashboardTimeFilteringLogic" name="test_TS_HOM01_04_filter_by_academic_year" time="0.344" /><testcase classname="tests.TS-HOM01-01-04-06-07-08.TestDashboardTimeFilteringLogic" name="test_TS_HOM01_04_combined_filters" time="0.328" /><testcase classname="tests.TS-HOM01-01-04-06-07-08.TestDashboardTimeFilteringLogic" name="test_TS_HOM01_04_different_months_show_different_data" time="0.714" /><testcase classname="tests.TS-HOM01-01-04-06-07-08.TestDashboardEdgeCases" name="test_TS_HOM01_06_new_teacher_returns_empty_classes" time="0.333" /><testcase classname="tests.TS-HOM01-01-04-06-07-08.TestDashboardEdgeCases" name="test_TS_HOM01_06_empty_classes_returns_valid_structure" time="0.346" /><testcase classname="tests.TS-HOM01-01-04-06-07-08.TestDashboardEdgeCases" name="test_TS_HOM01_06_empty_students_list_returns_empty_top_lists" time="0.334" /><testcase classname="tests.TS-HOM01-01-04-06-07-08.TestDashboardEdgeCases" name="test_TS_HOM01_06_zero_attendance_records" time="0.336" /><testcase classname="tests.TS-HOM01-01-04-06-07-08.TestDashboardErrorHandling" name="test_TS_HOM01_07_invalid_month_returns_error" time="0.337" /><testcase classname="tests.TS-HOM01-01-04-06-07-08.TestDashboardErrorHandling" name="test_TS_HOM01_07_invalid_year_handled" time="0.341" /><testcase classname="tests.TS-HOM01-01-04-06-07-08.TestDashboardErrorHandling" name="test_TS_HOM01_07_invalid_class_id_handled" time="0.413" /><testcase classname="tests.TS-HOM01-01-04-06-07-08.TestDashboardErrorHandling" name="test_TS_HOM01_07_invalid_academic_year_format" time="0.345" /><testcase classname="tests.TS-HOM01-01-04-06-07-08.TestDashboardErrorHandling" name="test_TS_HOM01_07_negative_year_handled" time="0.336" /><testcase classname="tests.TS-HOM01-01-04-06-07-08.TestDashboardIntegrationWorkflow" name="test_TS_HOM01_08_full_bootstrap_workflow" time="0.366" /><testcase classname="tests.TS-HOM01-01-04-06-07-08.TestDashboardIntegrationWorkflow" name="test_TS_HOM01_08_workflow_with_filters" time="0.345" /><testcase classname="tests.TS-HOM01-01-04-06-07-08.TestDashboardIntegrationWorkflow" name="test_TS_HOM01_08_workflow_class_selection" time="0.352" /><testcase classname="tests.TS-HOM01-01-04-06-07-08.TestDashboardIntegrationWorkflow" name="test_TS_HOM01_08_monthly_data_refresh" time="0.683" /><testcase classname="tests.TS-HOM02-01-04-06.TestAIRecognitionAndAttendance" name="test_TS_HOM02_01_checkin_creates_attendance" time="0.694" /><testcase classname="tests.TS-HOM02-01-04-06.TestAIRecognitionAndAttendance" name="test_TS_HOM02_01_confidence_score_optional" time="0.604" /><testcase classname="tests.TS-HOM02-01-04-06.TestAIRecognitionAndAttendance" name="test_TS_HOM02_01_method_recorded" time="0.597" /><testcase classname="tests.TS-HOM02-01-04-06.TestLateDetectionLogic" name="test_TS_HOM02_02_status_assignment" time="0.612" /><testcase classname="tests.TS-HOM02-01-04-06.TestLateDetectionLogic" name="test_TS_HOM02_02_cutoff_time_exists" time="0.123" /><testcase classname="tests.TS-HOM02-01-04-06.TestLateDetectionLogic" name="test_TS_HOM02_02_multiple_checkins_same_day" time="0.962" /><testcase classname="tests.TS-HOM02-01-04-06.TestManualStatusOverride" name="test_TS_HOM02_04_override_present_to_absent" time="0.802" /><testcase classname="tests.TS-HOM02-01-04-06.TestManualStatusOverride" name="test_TS_HOM02_04_override_with_notes" time="0.745" /><testcase classname="tests.TS-HOM02-01-04-06.TestManualStatusOverride" name="test_TS_HOM02_04_multiple_overrides" time="0.913" /><testcase classname="tests.TS-HOM02-01-04-06.TestDataIntegrity" name="test_TS_HOM02_06_status_is_valid" time="0.583" /><testcase classname="tests.TS-HOM02-01-04-06.TestDataIntegrity" name="test_TS_HOM02_06_valid_timestamps" time="0.654" /><testcase classname="tests.TS-HOM02-01-04-06.TestDataIntegrity" name="test_TS_HOM02_06_student_id_stored" time="0.596" /><testcase classname="tests.TS-HOM02-01-04-06.TestDataIntegrity" name="test_TS_HOM02_06_manual_attendance_bypass" time="0.749" /><testcase classname="tests.TS-HOM02-01-04-06.TestAIFailureHandling" name="test_TS_HOM02_08_low_confidence_still_creates_record" time="0.594" /><testcase classname="tests.TS-HOM02-01-04-06.TestAIFailureHandling" name="test_TS_HOM02_08_method_indicates_fallback" time="0.909" /><testcase classname="tests.TS-HOM02-01-04-06.TestAIFailureHandling" name="test_TS_HOM02_08_zero_confidence_rejected" time="0.598" /><testcase classname="tests.TS-HOM03-01-03-04-06-07-08.TestStudentContactInfoUpdate" name="test_TS_HOM03_01_update_student_contact_info" time="0.811" /><testcase classname="tests.TS-HOM03-01-03-04-06-07-08.TestStudentContactInfoUpdate" name="test_TS_HOM03_01_add_parent_contact_info" time="0.879" /><testcase classname="tests.TS-HOM03-01-03-04-06-07-08.TestFaceImageUpload" name="test_TS_HOM03_03_upload_valid_face_image_base64" time="0.590" /><testcase classname="tests.TS-HOM03-01-03-04-06-07-08.TestFaceImageUpload" name="test_TS_HOM03_04_upload_invalid_format_image" time="0.622" /><testcase classname="tests.TS-HOM03-01-03-04-06-07-08.TestFaceImageUpload" name="test_TS_HOM03_04_upload_too_small_image" time="0.615" /><testcase classname="tests.TS-HOM03-01-03-04-06-07-08.TestFaceDeleteOperation" name="test_TS_HOM03_05_delete_face_encoding" time="1.484" /><testcase classname="tests.TS-HOM03-01-03-04-06-07-08.TestAIServiceReliability" name="test_TS_HOM03_06_graceful_ai_service_error" time="0.695" /><testcase classname="tests.TS-HOM03-01-03-04-06-07-08.TestElectiveSubjectRegistration" name="test_TS_HOM03_07_register_elective_subject" time="0.924" /><testcase classname="tests.TS-HOM03-01-03-04-06-07-08.TestSecurityCrossClassEdit" name="test_TS_HOM03_08_prevent_cross_class_edit" time="0.796" /><testcase classname="tests.TS-HOM03-01-03-04-06-07-08.TestSecurityCrossClassEdit" name="test_TS_HOM03_08_admin_can_edit_any_student" time="0.803" /><testcase classname="tests.TS-HOM03-01-03-04-06-07-08.TestDataValidation" name="test_TS_HOM03_02_validate_email_format" time="0.784" /><testcase classname="tests.TS-HOM03-01-03-04-06-07-08.TestDataValidation" name="test_TS_HOM03_02_validate_phone_format" time="0.817" /><testcase classname="tests.TS-HOM04-01-02-03-04-05-06-07-08.TestReportDataConsolidation" name="test_TS_HOM04_01_consolidate_student_report_data" time="0.252" /><testcase classname="tests.TS-HOM04-01-02-03-04-05-06-07-08.TestReportDataConsolidation" name="test_TS_HOM04_01_include_attendance_in_report" time="0.336" /><testcase classname="tests.TS-HOM04-01-02-03-04-05-06-07-08.TestAICommentGeneration" name="test_TS_HOM04_02_generate_ai_comments_with_gemini" time="10.436" /><testcase classname="tests.TS-HOM04-01-02-03-04-05-06-07-08.TestAICommentGeneration" name="test_TS_HOM04_02_gemini_receives_correct_prompt" time="13.430" /><testcase classname="tests.TS-HOM04-01-02-03-04-05-06-07-08.TestAIFallback" name="test_TS_HOM04_03_fallback_when_gemini_unavailable" time="0.639" /><testcase classname="tests.TS-HOM04-01-02-03-04-05-06-07-08.TestAIFallback" name="test_TS_HOM04_03_use_template_comment_as_fallback" time="0.467" /><testcase classname="tests.TS-HOM04-01-02-03-04-05-06-07-08.TestPDFExport" name="test_TS_HOM04_04_export_feedback_as_pdf" time="8.017" /><testcase classname="tests.TS-HOM04-01-02-03-04-05-06-07-08.TestPDFExport" name="test_TS_HOM04_04_pdf_includes_student_info" time="5.710" /><testcase classname="tests.TS-HOM04-01-02-03-04-05-06-07-08.TestPDFExport" name="test_TS_HOM04_04_pdf_includes_feedback_data" time="7.058" /><testcase classname="tests.TS-HOM04-01-02-03-04-05-06-07-08.TestEmailNotification" name="test_TS_HOM04_05_send_feedback_via_email" time="8.458" /><testcase classname="tests.TS-HOM04-01-02-03-04-05-06-07-08.TestEmailNotification" name="test_TS_HOM04_05_email_includes_pdf_attachment" time="10.629" /><testcase classname="tests.TS-HOM04-01-02-03-04-05-06-07-08.TestEmailNotification" name="test_TS_HOM04_05_email_to_parent_contact" time="4.735" /><testcase classname="tests.TS-HOM04-01-02-03-04-05-06-07-08.TestEmailValidation" name="test_TS_HOM04_06_validate_email_format" time="5.292" /><testcase classname="tests.TS-HOM04-01-02-03-04-05-06-07-08.TestEmailValidation" name="test_TS_HOM04_06_reject_missing_email" time="0.355" /><testcase classname="tests.TS-HOM04-01-02-03-04-05-06-07-08.TestPDFRenderingError" name="test_TS_HOM04_07_handle_pdf_rendering_error" time="4.874" /><testcase classname="tests.TS-HOM04-01-02-03-04-05-06-07-08.TestPDFRenderingError" name="test_TS_HOM04_07_pdf_timeout_handling" time="5.187" /><testcase classname="tests.TS-HOM04-01-02-03-04-05-06-07-08.TestSecurityCrossClassAccess" name="test_TS_HOM04_08_prevent_cross_class_report_access" time="0.389" /><testcase classname="tests.TS-HOM04-01-02-03-04-05-06-07-08.TestSecurityCrossClassAccess" name="test_TS_HOM04_08_allow_admin_view_all_reports" time="0.257" /><testcase classname="tests.TS-HOM04-01-02-03-04-05-06-07-08.TestSecurityCrossClassAccess" name="test_TS_HOM04_08_prevent_export_unauthorized_student_pdf" time="6.009" /><testcase classname="tests.TS-SUB01-01-08.TestSubjectDashboardHappyPath" name="test_teacher_loads_dashboard_default_class" time="1.452" /><testcase classname="tests.TS-SUB01-01-08.TestSubjectDashboardHappyPath" name="test_dashboard_displays_correct_modules" time="0.632" /><testcase classname="tests.TS-SUB01-01-08.TestSubjectDashboardSecurity" name="test_prevent_access_to_unassigned_class" time="1.196" /><testcase classname="tests.TS-SUB01-01-08.TestSubjectDashboardSecurity" name="test_unauthorized_user_denied_access" time="0.120" /><testcase classname="tests.TS-SUB01-01-08.TestSubjectDashboardLogicAccuracy" name="test_average_score_calculation_with_five_students" time="2.198" /><testcase classname="tests.TS-SUB01-01-08.TestSubjectDashboardTrendLogic" name="test_trend_badge_improvement" time="1.591" /><testcase classname="tests.TS-SUB01-01-08.TestSubjectDashboardEmptyClass" name="test_empty_class_displays_no_data_message" time="1.426" /><testcase classname="tests.TS-SUB01-01-08.TestSubjectDashboardExceptionHandling" name="test_class_comparison_widget_error_doesnt_crash_dashboard" time="1.104" /><testcase classname="tests.TS-SUB01-01-08.TestSubjectDashboardExceptionHandling" name="test_missing_academic_year_uses_current_system_setting" time="0.711" /><testcase classname="tests.TS-SUB01-01-08.TestSubjectDashboardPerformanceGrouping" name="test_performance_groups_correct_thresholds" time="2.245" /><testcase classname="tests.TS-SUB02-01-08.TestScoreManagementHappyPath" name="test_teacher_loads_score_management_page" time="1.403" /><testcase classname="tests.TS-SUB02-01-08.TestScoreManagementHappyPath" name="test_teacher_reads_existing_scores" time="1.217" /><testcase classname="tests.TS-SUB02-01-08.TestScoreManagementSecurity" name="test_unauthenticated_request_denied" time="0.116" /><testcase classname="tests.TS-SUB02-01-08.TestScoreManagementSecurity" name="test_invalid_token_rejected" time="0.117" /><testcase classname="tests.TS-SUB02-01-08.TestScoreManagementLogicAccuracy" name="test_teacher_retrieves_students_by_class_subject" time="1.197" /><testcase classname="tests.TS-SUB02-01-08.TestScoreManagementLogicAccuracy" name="test_get_teacher_subject_classes" time="0.361" /><testcase classname="tests.TS-SUB02-01-08.TestScoreManagementValidation" name="test_score_field_required" time="0.788" /><testcase classname="tests.TS-SUB02-01-08.TestScoreManagementValidation" name="test_invalid_class_subject_validation" time="0.843" /><testcase classname="tests.TS-SUB02-01-08.TestScoreManagementCalculation" name="test_get_score_config_for_subject" time="0.763" /><testcase classname="tests.TS-SUB02-01-08.TestScoreManagementDataIntegrity" name="test_can_edit_grade_flag_bypasses_deadline_lock" time="0.080" /><testcase classname="tests.TS-SUB02-01-08.TestScoreManagementDataIntegrity" name="test_student_scores_retrieval" time="0.800" /><testcase classname="tests.TS-SUB02-01-08.TestScoreManagementException" name="test_nonexistent_student_score_error" time="0.188" /><testcase classname="tests.TS-SUB02-01-08.TestScoreManagementException" name="test_invalid_score_format_error_handling" time="1.055" /><testcase classname="tests.TS-SUB02-01-08.TestScoreManagementException" name="test_missing_academic_year_parameter" time="0.759" /><testcase classname="tests.TS-SUB02-01-08.TestScoreManagementWorkflow" name="test_teacher_views_class_and_students" time="1.316" /><testcase classname="tests.TS-SUB02-01-08.TestScoreManagementWorkflow" name="test_view_existing_scores_multiple_students" time="1.240" /><testcase classname="tests.TS-SUB02EXT-01-09.TestScoreImportHappyPath" name="test_import_scores_by_class" time="2.004" /><testcase classname="tests.TS-SUB02EXT-01-09.TestScoreImportHappyPath" name="test_import_standardized_score_file" time="2.960" /><testcase classname="tests.TS-SUB02EXT-01-09.TestScoreImportHappyPath" name="test_import_updates_existing_scores" time="1.578" /><testcase classname="tests.TS-SUB02EXT-01-09.TestScoreImportValidation" name="test_reject_invalid_score_values" time="1.455" /><testcase classname="tests.TS-SUB02EXT-01-09.TestScoreImportValidation" name="test_reject_students_not_in_class" time="0.998" /><testcase classname="tests.TS-SUB02EXT-01-09.TestScoreImportValidation" name="test_accept_partial_score_data" time="1.755" /><testcase classname="tests.TS-SUB02EXT-01-09.TestScoreImportValidation" name="test_missing_required_fields" time="0.861" /><testcase classname="tests.TS-SUB02EXT-01-09.TestScoreImportAlternative" name="test_cancel_import_after_preview" time="1.914" /><testcase classname="tests.TS-SUB02EXT-01-09.TestScoreImportException" name="test_invalid_file_format" time="0.965" /><testcase classname="tests.TS-SUB02EXT-01-09.TestScoreImportException" name="test_class_subject_not_found" time="0.326" /><testcase classname="tests.TS-SUB02EXT-01-09.TestScoreImportException" name="test_rollback_on_system_error" time="1.935" /><testcase classname="tests.TS-SUB02EXT-01-09.TestScoreImportSecurity" name="test_unauthenticated_import_denied" time="0.494" /><testcase classname="tests.TS-SUB02EXT-01-09.TestScoreImportSecurity" name="test_teacher_cannot_import_others_class" time="0.809" /><testcase classname="tests.TS-SUB02EXT-01-09.TestScoreImportSecurity" name="test_invalid_token_rejected" time="0.465" /><testcase classname="tests.TS-SUB02EXT-01-09.TestScoreImportPerformance" name="test_import_large_file_performance" time="23.154" /><testcase classname="tests.TS-SUB02EXT-01-09.TestScoreImportPerformance" name="test_import_response_time_under_threshold" time="1.968" /><testcase classname="tests.TS-SUB02EXT-01-09.TestScoreImportWorkflow" name="test_import_then_verify_scores" time="1.908" /><testcase classname="tests.TS-SUB02EXT-01-09.TestScoreImportWorkflow" name="test_export_then_import_roundtrip" time="1.476" /><testcase classname="tests.TS-SUB02EXT-2-ocr-backend.TestOCRFileUploadValidation" name="test_accept_valid_jpeg_file" time="0.317" /><testcase classname="tests.TS-SUB02EXT-2-ocr-backend.TestOCRFileUploadValidation" name="test_accept_valid_png_file" time="0.158" /><testcase classname="tests.TS-SUB02EXT-2-ocr-backend.TestOCRFileUploadValidation" name="test_reject_non_image_mimetype" time="0.156" /><testcase classname="tests.TS-SUB02EXT-2-ocr-backend.TestOCRFileUploadValidation" name="test_reject_files_larger_than_limit" time="0.288" /><testcase classname="tests.TS-SUB02EXT-2-ocr-backend.TestOCRResponseParsing" name="test_parse_valid_json_response" time="4.559" /><testcase classname="tests.TS-SUB02EXT-2-ocr-backend.TestOCRResponseParsing" name="test_handle_malformed_json_gracefully" time="0.001" /><testcase classname="tests.TS-SUB02EXT-2-ocr-backend.TestOCRResponseParsing" name="test_normalize_numeric_score_values" time="0.001" /><testcase classname="tests.TS-SUB02EXT-2-ocr-backend.TestOCRResponseParsing" name="test_normalize_letter_grade_values" time="0.001" /><testcase classname="tests.TS-SUB02EXT-2-ocr-backend.TestOCRResponseParsing" name="test_normalize_student_ids_with_whitespace" time="0.002" /><testcase classname="tests.TS-SUB02EXT-2-ocr-backend.TestOCRResponseParsing" name="test_skip_invalid_rows" time="0.001" /><testcase classname="tests.TS-SUB02EXT-2-ocr-backend.TestOCRResponseParsing" name="test_detect_score_columns_correctly" time="0.001" /><testcase classname="tests.TS-SUB02EXT-2-ocr-backend.TestOCRQueueManagement" name="test_enqueue_request_successfully" time="0.153" /><testcase classname="tests.TS-SUB02EXT-2-ocr-backend.TestOCRQueueManagement" name="test_queue_position_in_response" time="0.160" /><testcase classname="tests.TS-SUB02EXT-2-ocr-backend.TestOCRQueueManagement" name="test_check_ocr_status_by_request_id" time="0.296" /><testcase classname="tests.TS-SUB02EXT-2-ocr-backend.TestOCRQueueManagement" name="test_authorization_only_own_requests" time="0.302" /><testcase classname="tests.TS-SUB02EXT-2-ocr-backend.TestOCRQueueManagement" name="test_get_queue_statistics" time="0.147" /><testcase classname="tests.TS-SUB02EXT-2-ocr-backend.TestOCRQueueManagement" name="test_queue_full_returns_503" time="0.144" /><testcase classname="tests.TS-SUB02EXT-2-ocr-backend.TestOCRQueueManagement" name="test_invalid_engine_parameter_returns_400" time="0.148" /><testcase classname="tests.TS-SUB02EXT-2-ocr-backend.TestOCRImportFromParsed" name="test_import_valid_parsed_data" time="0.849" /><testcase classname="tests.TS-SUB02EXT-2-ocr-backend.TestOCRImportFromParsed" name="test_import_partial_scores_allowed" time="0.762" /><testcase classname="tests.TS-SUB02EXT-2-ocr-backend.TestOCRImportFromParsed" name="test_import_returns_statistics" time="0.758" /><testcase classname="tests.TS-SUB02EXT-2-ocr-backend.TestOCRExportToExcel" name="test_export_generates_valid_xlsx" time="0.151" /><testcase classname="tests.TS-SUB02EXT-2-ocr-backend.TestOCRExportToExcel" name="test_export_includes_headers_and_data" time="0.157" /></testsuite></testsuites>